#
# A fatal error has been detected by the Java Runtime Environment:
#
#  EXCEPTION_ACCESS_VIOLATION (0xc0000005) at pc=0x00007ffe171ec8b1, pid=5220, tid=26292
#
# JRE version: OpenJDK Runtime Environment Temurin-17.0.13+11 (17.0.13+11) (build 17.0.13+11)
# Java VM: OpenJDK 64-Bit Server VM Temurin-17.0.13+11 (17.0.13+11, mixed mode, sharing, tiered, compressed oops, compressed class ptrs, g1 gc, windows-amd64)
# Problematic frame:
# C  [awt.dll+0xdc8b1]
#
# No core dump will be written. Minidumps are not enabled by default on client versions of Windows
#
# If you would like to submit a bug report, please visit:
#   https://github.com/adoptium/adoptium-support/issues
# The crash happened outside the Java Virtual Machine in native code.
# See problematic frame for where to report the bug.
#

---------------  S U M M A R Y ------------

Command Line: -XX:+ShowCodeDetailsInExceptionMessages -agentpath:C:\Program Files\Palo Alto Networks\Traps\cyjagent.dll App

Host: Intel(R) Xeon(R) E-2236 CPU @ 3.40GHz, 12 cores, 31G,  Windows 11 , 64 bit Build 26100 (10.0.26100.2454)
Time: Sun Mar 16 13:47:28 2025 Central Standard Time (Mexico) elapsed time: 1126.524627 seconds (0d 0h 18m 46s)

---------------  T H R E A D  ---------------

Current thread (0x000002476f433a60):  JavaThread "AWT-Windows" daemon [_thread_in_native, id=26292, stack(0x000000e7c9400000,0x000000e7c9500000)]

Stack: [0x000000e7c9400000,0x000000e7c9500000],  sp=0x000000e7c94fe890,  free space=1018k
Native frames: (J=compiled Java code, j=interpreted, Vv=VM code, C=native code)
C  [awt.dll+0xdc8b1]

Java frames: (J=compiled Java code, j=interpreted, Vv=VM code)
j  sun.awt.windows.WToolkit.eventLoop()V+0 java.desktop@17.0.13
j  sun.awt.windows.WToolkit.run()V+50 java.desktop@17.0.13
j  java.lang.Thread.run()V+11 java.base@17.0.13
v  ~StubRoutines::call_stub

siginfo: EXCEPTION_ACCESS_VIOLATION (0xc0000005), reading address 0x0000000000000008


Registers:
RAX=0x0000000000000000, RBX=0x000002476fbdb220, RCX=0x0000000000000000, RDX=0x0000000000000000
RSP=0x000000e7c94fe890, RBP=0x000000e7c94fe999, RSI=0x000000004c010ea5, RDI=0x0000000000000000
R8 =0x0000000000000001, R9 =0x000000e7c7d34000, R10=0x0000000000000000, R11=0x0000000000000246
R12=0x0000000000000000, R13=0x0000000000000310, R14=0x0000000000000000, R15=0x0000000000000000
RIP=0x00007ffe171ec8b1, EFLAGS=0x0000000000010246


Register to memory mapping:

RIP=0x00007ffe171ec8b1 awt.dll
RAX=0x0 is NULL
RBX=0x000002476fbdb220 points into unknown readable memory: 0x000002476f53e980 | 80 e9 53 6f 47 02 00 00
RCX=0x0 is NULL
RDX=0x0 is NULL
RSP=0x000000e7c94fe890 is pointing into the stack for thread: 0x000002476f433a60
RBP=0x000000e7c94fe999 is pointing into the stack for thread: 0x000002476f433a60
RSI=0x000000004c010ea5 is an unknown value
RDI=0x0 is NULL
R8 =0x0000000000000001 is an unknown value
R9 =0x000000e7c7d34000 points into unknown readable memory: 0x0000000000000000 | 00 00 00 00 00 00 00 00
R10=0x0 is NULL
R11=0x0000000000000246 is an unknown value
R12=0x0 is NULL
R13=0x0000000000000310 is an unknown value
R14=0x0 is NULL
R15=0x0 is NULL


Top of Stack: (sp=0x000000e7c94fe890)
0x000000e7c94fe890:   00007ffe1724c848 000000004c010ea5
0x000000e7c94fe8a0:   00002c5163089c75 000000000007062e
0x000000e7c94fe8b0:   0000000000000000 00007ffe171a854c
0x000000e7c94fe8c0:   000000004c010ea5 000002476fbf8ce0
0x000000e7c94fe8d0:   000002476fbdb220 000002476fbf8ce0
0x000000e7c94fe8e0:   000002476fbf8ce0 00007ffe171a85f6
0x000000e7c94fe8f0:   00007ffe17110000 0000000000000000
0x000000e7c94fe900:   000000e7c94fe9f8 00007ffe76c34b38
0x000000e7c94fe910:   000002476fbf8ce0 00007ffe171a5948
0x000000e7c94fe920:   000002476fbf8ce0 0000000000000000
0x000000e7c94fe930:   00007ffe171a8ad0 00007ffe9c26f4ce
0x000000e7c94fe940:   0000000000000001 000002477e8a9269
0x000000e7c94fe950:   000000e7c94fe9f0 0000000000000001
0x000000e7c94fe960:   0000000000000000 000000e7c94fe9f8
0x000000e7c94fe970:   0000000000000000 0000000000000000
0x000000e7c94fe980:   0000000000000000 000002476f433d18
0x000000e7c94fe990:   000002476fbf8d80 0000000000000000
0x000000e7c94fe9a0:   0000000000000000 00002c51630892c5
0x000000e7c94fe9b0:   0000000000000000 0000000000000000
0x000000e7c94fe9c0:   0000000000000000 0000000000000000
0x000000e7c94fe9d0:   0000000000000000 0000000000000310
0x000000e7c94fe9e0:   0000000000000000 000002476fbf8ce0
0x000000e7c94fe9f0:   000002476fbf8ce0 00007ffe171f1aac
0x000000e7c94fea00:   0000000000000000 00004cf364bb8ff0
0x000000e7c94fea10:   00001eaf98ffaf8f 0000000000000022
0x000000e7c94fea20:   0000000000000001 0000000000000000
0x000000e7c94fea30:   0000000000000000 000002477e885a32
0x000000e7c94fea40:   0000000000000000 000000000000c28e
0x000000e7c94fea50:   0000000000000022 00007ffe9c23e0cf
0x000000e7c94fea60:   000000000007062e 000002477e88658a
0x000000e7c94fea70:   ffffffffffffffeb 00002c51630891e5
0x000000e7c94fea80:   000002470007f970 0000000000000000 

Instructions: (pc=0x00007ffe171ec8b1)
0x00007ffe171ec7b1:   83 ec 28 66 0f 6e c2 0f 5b c0 f3 0f 59 41 48 0f
0x00007ffe171ec7c1:   5a c8 f2 0f 10 05 85 44 03 00 f2 0f 5c 0d 25 44
0x00007ffe171ec7d1:   01 00 66 0f 2f c1 76 0a b8 00 00 00 80 48 83 c4
0x00007ffe171ec7e1:   28 c3 66 0f 2f 0d 65 8d 02 00 76 0a b8 ff ff ff
0x00007ffe171ec7f1:   7f 48 83 c4 28 c3 0f 28 c1 e8 a7 0d 01 00 f2 0f
0x00007ffe171ec801:   2c c0 48 83 c4 28 c3 cc cc cc cc cc cc cc cc 48
0x00007ffe171ec811:   83 ec 28 66 0f 6e c2 0f 5b c0 f3 0f 59 41 4c 0f
0x00007ffe171ec821:   5a c8 f2 0f 10 05 25 44 03 00 f2 0f 5c 0d c5 43
0x00007ffe171ec831:   01 00 66 0f 2f c1 76 0a b8 00 00 00 80 48 83 c4
0x00007ffe171ec841:   28 c3 66 0f 2f 0d 05 8d 02 00 76 0a b8 ff ff ff
0x00007ffe171ec851:   7f 48 83 c4 28 c3 0f 28 c1 e8 47 0d 01 00 f2 0f
0x00007ffe171ec861:   2c c0 48 83 c4 28 c3 cc cc cc cc cc cc cc cc 48
0x00007ffe171ec871:   8b 49 08 48 85 c9 0f 85 c3 7e fe ff 33 c0 c3 48
0x00007ffe171ec881:   89 5c 24 08 48 89 74 24 10 57 48 83 ec 20 8b fa
0x00007ffe171ec891:   48 8b f1 e8 37 be f4 ff 48 8b d8 48 89 44 24 40
0x00007ffe171ec8a1:   41 b8 01 00 00 00 8b d7 48 8b c8 e8 8f bd f4 ff
0x00007ffe171ec8b1:   48 8b 48 08 48 85 c9 74 0d 48 8b d6 e8 7e 7e fe
0x00007ffe171ec8c1:   ff 48 8b f8 eb 02 33 ff 48 8b cb e8 bf bf f4 ff
0x00007ffe171ec8d1:   90 48 8b c7 48 8b 5c 24 30 48 8b 74 24 38 48 83
0x00007ffe171ec8e1:   c4 20 5f c3 cc cc cc cc cc cc cc cc cc cc cc 48
0x00007ffe171ec8f1:   8b 01 89 10 c3 cc cc cc cc cc cc cc cc cc cc 40
0x00007ffe171ec901:   57 48 83 ec 40 48 83 79 38 00 48 8b f9 0f 84 96
0x00007ffe171ec911:   01 00 00 48 8b 0d 45 c5 06 00 ba 02 00 01 00 48
0x00007ffe171ec921:   89 5c 24 58 48 89 74 24 68 e8 39 f6 00 00 4c 8b
0x00007ffe171ec931:   05 82 ca 06 00 48 8b c8 48 8b 57 38 48 8b d8 4c
0x00007ffe171ec941:   8b 08 41 ff 91 f8 02 00 00 48 8b f0 48 85 c0 0f
0x00007ffe171ec951:   84 4a 01 00 00 4c 8b 0b 48 8b d0 4c 8b 05 45 ca
0x00007ffe171ec961:   06 00 48 8b cb 41 ff 91 00 01 00 00 84 c0 0f 84
0x00007ffe171ec971:   2b 01 00 00 48 8b 7f 08 48 8b d6 48 8b 03 48 8b
0x00007ffe171ec981:   cb 4c 8b 05 37 ca 06 00 48 81 c7 00 04 00 00 48
0x00007ffe171ec991:   89 6c 24 60 4c 89 7c 24 20 ff 90 f8 02 00 00 4c
0x00007ffe171ec9a1:   8b 0b 48 8b d6 4c 8b 05 1b ca 06 00 48 8b cb 4c 


Stack slot to memory mapping:
stack at sp + 0 slots: 0x00007ffe1724c848 awt.dll
stack at sp + 1 slots: 0x000000004c010ea5 is an unknown value
stack at sp + 2 slots: 0x00002c5163089c75 is an unknown value
stack at sp + 3 slots: 0x000000000007062e is an unknown value
stack at sp + 4 slots: 0x0 is NULL
stack at sp + 5 slots: 0x00007ffe171a854c awt.dll
stack at sp + 6 slots: 0x000000004c010ea5 is an unknown value
stack at sp + 7 slots: 0x000002476fbf8ce0 points into unknown readable memory: 0x00007ffe1721c890 | 90 c8 21 17 fe 7f 00 00


---------------  P R O C E S S  ---------------

Threads class SMR info:
_java_thread_list=0x000002476f8eb400, length=18, elements={
0x000002472b14fe80, 0x000002472b1515b0, 0x000002476f095460, 0x000002476f097e30,
0x000002476f099360, 0x000002476f09cca0, 0x000002476f09e500, 0x000002476f09fb20,
0x000002476f0a4590, 0x000002476f1e3870, 0x000002476f1f5080, 0x000002476f3fe3a0,
0x000002476f4412c0, 0x000002476f433a60, 0x000002476f778f10, 0x000002476f77a350,
0x000002476f777ad0, 0x000002476f779420
}

Java Threads: ( => current thread )
  0x000002472b14fe80 JavaThread "Reference Handler" daemon [_thread_blocked, id=24068, stack(0x000000e7c8600000,0x000000e7c8700000)]
  0x000002472b1515b0 JavaThread "Finalizer" daemon [_thread_blocked, id=27932, stack(0x000000e7c8700000,0x000000e7c8800000)]
  0x000002476f095460 JavaThread "Signal Dispatcher" daemon [_thread_blocked, id=23224, stack(0x000000e7c8800000,0x000000e7c8900000)]
  0x000002476f097e30 JavaThread "Attach Listener" daemon [_thread_blocked, id=19308, stack(0x000000e7c8900000,0x000000e7c8a00000)]
  0x000002476f099360 JavaThread "Service Thread" daemon [_thread_blocked, id=9304, stack(0x000000e7c8a00000,0x000000e7c8b00000)]
  0x000002476f09cca0 JavaThread "Monitor Deflation Thread" daemon [_thread_blocked, id=5888, stack(0x000000e7c8b00000,0x000000e7c8c00000)]
  0x000002476f09e500 JavaThread "C2 CompilerThread0" daemon [_thread_blocked, id=15660, stack(0x000000e7c8c00000,0x000000e7c8d00000)]
  0x000002476f09fb20 JavaThread "C1 CompilerThread0" daemon [_thread_blocked, id=26324, stack(0x000000e7c8d00000,0x000000e7c8e00000)]
  0x000002476f0a4590 JavaThread "Sweeper thread" daemon [_thread_blocked, id=20620, stack(0x000000e7c8e00000,0x000000e7c8f00000)]
  0x000002476f1e3870 JavaThread "Notification Thread" daemon [_thread_blocked, id=30128, stack(0x000000e7c8f00000,0x000000e7c9000000)]
  0x000002476f1f5080 JavaThread "Common-Cleaner" daemon [_thread_blocked, id=28788, stack(0x000000e7c9100000,0x000000e7c9200000)]
  0x000002476f3fe3a0 JavaThread "Java2D Disposer" daemon [_thread_blocked, id=21716, stack(0x000000e7c9200000,0x000000e7c9300000)]
  0x000002476f4412c0 JavaThread "AWT-Shutdown" [_thread_blocked, id=23780, stack(0x000000e7c9300000,0x000000e7c9400000)]
=>0x000002476f433a60 JavaThread "AWT-Windows" daemon [_thread_in_native, id=26292, stack(0x000000e7c9400000,0x000000e7c9500000)]
  0x000002476f778f10 JavaThread "AWT-EventQueue-0" [_thread_blocked, id=27996, stack(0x000000e7c9700000,0x000000e7c9800000)]
  0x000002476f77a350 JavaThread "DestroyJavaVM" [_thread_blocked, id=24396, stack(0x000000e7c7f00000,0x000000e7c8000000)]
  0x000002476f777ad0 JavaThread "D3D Screen Updater" daemon [_thread_blocked, id=18468, stack(0x000000e7c9800000,0x000000e7c9900000)]
  0x000002476f779420 JavaThread "TimerQueue" daemon [_thread_blocked, id=12344, stack(0x000000e7c9900000,0x000000e7c9a00000)]

Other Threads:
  0x000002472b14add0 VMThread "VM Thread" [stack: 0x000000e7c8500000,0x000000e7c8600000] [id=15408]
  0x000002476f1e6d70 WatcherThread [stack: 0x000000e7c9000000,0x000000e7c9100000] [id=21160]
  0x000002472afa0c90 GCTaskThread "GC Thread#0" [stack: 0x000000e7c8000000,0x000000e7c8100000] [id=2144]
  0x000002477fa33980 ConcurrentGCThread "G1 Main Marker" [stack: 0x000000e7c8100000,0x000000e7c8200000] [id=10420]
  0x000002477fa35070 ConcurrentGCThread "G1 Conc#0" [stack: 0x000000e7c8200000,0x000000e7c8300000] [id=8948]
  0x000002472b07fd60 ConcurrentGCThread "G1 Refine#0" [stack: 0x000000e7c8300000,0x000000e7c8400000] [id=30212]
  0x000002472b080790 ConcurrentGCThread "G1 Service" [stack: 0x000000e7c8400000,0x000000e7c8500000] [id=5848]

Threads with active compile tasks:

VM state: not at safepoint (normal execution)

VM Mutex/Monitor currently owned by a thread: None

Heap address: 0x0000000602400000, size: 8156 MB, Compressed Oops mode: Zero based, Oop shift amount: 3

CDS archive(s) mapped at: [0x000002472e000000-0x000002472ebb0000-0x000002472ebb0000), size 12255232, SharedBaseAddress: 0x000002472e000000, ArchiveRelocationMode: 1.
Compressed class space mapped at: 0x000002472f000000-0x000002476f000000, reserved size: 1073741824
Narrow klass base: 0x000002472e000000, Narrow klass shift: 0, Narrow klass range: 0x100000000

GC Precious Log:
 CPUs: 12 total, 12 available
 Memory: 32614M
 Large Page Support: Disabled
 NUMA Support: Disabled
 Compressed Oops: Enabled (Zero based)
 Heap Region Size: 4M
 Heap Min Capacity: 8M
 Heap Initial Capacity: 512M
 Heap Max Capacity: 8156M
 Pre-touch: Disabled
 Parallel Workers: 10
 Concurrent Workers: 3
 Concurrent Refinement Workers: 10
 Periodic GC: Disabled

Heap:
 garbage-first heap   total 524288K, used 16384K [0x0000000602400000, 0x0000000800000000)
  region size 4096K, 3 young (12288K), 0 survivors (0K)
 Metaspace       used 9393K, committed 9536K, reserved 1114112K
  class space    used 1124K, committed 1216K, reserved 1048576K

Heap Regions: E=young(eden), S=young(survivor), O=old, HS=humongous(starts), HC=humongous(continues), CS=collection set, F=free, OA=open archive, CA=closed archive, TAMS=top-at-mark-start (previous, next)
|   0|0x0000000602400000, 0x0000000602800000, 0x0000000602800000|100%|HS|  |TAMS 0x0000000602400000, 0x0000000602400000| Complete 
|   1|0x0000000602800000, 0x0000000602c00000, 0x0000000602c00000|100%|HS|  |TAMS 0x0000000602800000, 0x0000000602800000| Complete 
|   2|0x0000000602c00000, 0x0000000602c00000, 0x0000000603000000|  0%| F|  |TAMS 0x0000000602c00000, 0x0000000602c00000| Untracked 
|   3|0x0000000603000000, 0x0000000603000000, 0x0000000603400000|  0%| F|  |TAMS 0x0000000603000000, 0x0000000603000000| Untracked 
|   4|0x0000000603400000, 0x0000000603400000, 0x0000000603800000|  0%| F|  |TAMS 0x0000000603400000, 0x0000000603400000| Untracked 
|   5|0x0000000603800000, 0x0000000603800000, 0x0000000603c00000|  0%| F|  |TAMS 0x0000000603800000, 0x0000000603800000| Untracked 
|   6|0x0000000603c00000, 0x0000000603c00000, 0x0000000604000000|  0%| F|  |TAMS 0x0000000603c00000, 0x0000000603c00000| Untracked 
|   7|0x0000000604000000, 0x0000000604000000, 0x0000000604400000|  0%| F|  |TAMS 0x0000000604000000, 0x0000000604000000| Untracked 
|   8|0x0000000604400000, 0x0000000604400000, 0x0000000604800000|  0%| F|  |TAMS 0x0000000604400000, 0x0000000604400000| Untracked 
|   9|0x0000000604800000, 0x0000000604800000, 0x0000000604c00000|  0%| F|  |TAMS 0x0000000604800000, 0x0000000604800000| Untracked 
|  10|0x0000000604c00000, 0x0000000604c00000, 0x0000000605000000|  0%| F|  |TAMS 0x0000000604c00000, 0x0000000604c00000| Untracked 
|  11|0x0000000605000000, 0x0000000605000000, 0x0000000605400000|  0%| F|  |TAMS 0x0000000605000000, 0x0000000605000000| Untracked 
|  12|0x0000000605400000, 0x0000000605400000, 0x0000000605800000|  0%| F|  |TAMS 0x0000000605400000, 0x0000000605400000| Untracked 
|  13|0x0000000605800000, 0x0000000605800000, 0x0000000605c00000|  0%| F|  |TAMS 0x0000000605800000, 0x0000000605800000| Untracked 
|  14|0x0000000605c00000, 0x0000000605c00000, 0x0000000606000000|  0%| F|  |TAMS 0x0000000605c00000, 0x0000000605c00000| Untracked 
|  15|0x0000000606000000, 0x0000000606000000, 0x0000000606400000|  0%| F|  |TAMS 0x0000000606000000, 0x0000000606000000| Untracked 
|  16|0x0000000606400000, 0x0000000606400000, 0x0000000606800000|  0%| F|  |TAMS 0x0000000606400000, 0x0000000606400000| Untracked 
|  17|0x0000000606800000, 0x0000000606800000, 0x0000000606c00000|  0%| F|  |TAMS 0x0000000606800000, 0x0000000606800000| Untracked 
|  18|0x0000000606c00000, 0x0000000606c00000, 0x0000000607000000|  0%| F|  |TAMS 0x0000000606c00000, 0x0000000606c00000| Untracked 
|  19|0x0000000607000000, 0x0000000607000000, 0x0000000607400000|  0%| F|  |TAMS 0x0000000607000000, 0x0000000607000000| Untracked 
|  20|0x0000000607400000, 0x0000000607400000, 0x0000000607800000|  0%| F|  |TAMS 0x0000000607400000, 0x0000000607400000| Untracked 
|  21|0x0000000607800000, 0x0000000607800000, 0x0000000607c00000|  0%| F|  |TAMS 0x0000000607800000, 0x0000000607800000| Untracked 
|  22|0x0000000607c00000, 0x0000000607c00000, 0x0000000608000000|  0%| F|  |TAMS 0x0000000607c00000, 0x0000000607c00000| Untracked 
|  23|0x0000000608000000, 0x0000000608000000, 0x0000000608400000|  0%| F|  |TAMS 0x0000000608000000, 0x0000000608000000| Untracked 
|  24|0x0000000608400000, 0x0000000608400000, 0x0000000608800000|  0%| F|  |TAMS 0x0000000608400000, 0x0000000608400000| Untracked 
|  25|0x0000000608800000, 0x0000000608800000, 0x0000000608c00000|  0%| F|  |TAMS 0x0000000608800000, 0x0000000608800000| Untracked 
|  26|0x0000000608c00000, 0x0000000608c00000, 0x0000000609000000|  0%| F|  |TAMS 0x0000000608c00000, 0x0000000608c00000| Untracked 
|  27|0x0000000609000000, 0x0000000609000000, 0x0000000609400000|  0%| F|  |TAMS 0x0000000609000000, 0x0000000609000000| Untracked 
|  28|0x0000000609400000, 0x0000000609400000, 0x0000000609800000|  0%| F|  |TAMS 0x0000000609400000, 0x0000000609400000| Untracked 
|  29|0x0000000609800000, 0x0000000609800000, 0x0000000609c00000|  0%| F|  |TAMS 0x0000000609800000, 0x0000000609800000| Untracked 
|  30|0x0000000609c00000, 0x0000000609c00000, 0x000000060a000000|  0%| F|  |TAMS 0x0000000609c00000, 0x0000000609c00000| Untracked 
|  31|0x000000060a000000, 0x000000060a000000, 0x000000060a400000|  0%| F|  |TAMS 0x000000060a000000, 0x000000060a000000| Untracked 
|  32|0x000000060a400000, 0x000000060a400000, 0x000000060a800000|  0%| F|  |TAMS 0x000000060a400000, 0x000000060a400000| Untracked 
|  33|0x000000060a800000, 0x000000060a800000, 0x000000060ac00000|  0%| F|  |TAMS 0x000000060a800000, 0x000000060a800000| Untracked 
|  34|0x000000060ac00000, 0x000000060ac00000, 0x000000060b000000|  0%| F|  |TAMS 0x000000060ac00000, 0x000000060ac00000| Untracked 
|  35|0x000000060b000000, 0x000000060b000000, 0x000000060b400000|  0%| F|  |TAMS 0x000000060b000000, 0x000000060b000000| Untracked 
|  36|0x000000060b400000, 0x000000060b400000, 0x000000060b800000|  0%| F|  |TAMS 0x000000060b400000, 0x000000060b400000| Untracked 
|  37|0x000000060b800000, 0x000000060b800000, 0x000000060bc00000|  0%| F|  |TAMS 0x000000060b800000, 0x000000060b800000| Untracked 
|  38|0x000000060bc00000, 0x000000060bc00000, 0x000000060c000000|  0%| F|  |TAMS 0x000000060bc00000, 0x000000060bc00000| Untracked 
|  39|0x000000060c000000, 0x000000060c000000, 0x000000060c400000|  0%| F|  |TAMS 0x000000060c000000, 0x000000060c000000| Untracked 
|  40|0x000000060c400000, 0x000000060c400000, 0x000000060c800000|  0%| F|  |TAMS 0x000000060c400000, 0x000000060c400000| Untracked 
|  41|0x000000060c800000, 0x000000060c800000, 0x000000060cc00000|  0%| F|  |TAMS 0x000000060c800000, 0x000000060c800000| Untracked 
|  42|0x000000060cc00000, 0x000000060cc00000, 0x000000060d000000|  0%| F|  |TAMS 0x000000060cc00000, 0x000000060cc00000| Untracked 
|  43|0x000000060d000000, 0x000000060d000000, 0x000000060d400000|  0%| F|  |TAMS 0x000000060d000000, 0x000000060d000000| Untracked 
|  44|0x000000060d400000, 0x000000060d400000, 0x000000060d800000|  0%| F|  |TAMS 0x000000060d400000, 0x000000060d400000| Untracked 
|  45|0x000000060d800000, 0x000000060d800000, 0x000000060dc00000|  0%| F|  |TAMS 0x000000060d800000, 0x000000060d800000| Untracked 
|  46|0x000000060dc00000, 0x000000060dc00000, 0x000000060e000000|  0%| F|  |TAMS 0x000000060dc00000, 0x000000060dc00000| Untracked 
|  47|0x000000060e000000, 0x000000060e000000, 0x000000060e400000|  0%| F|  |TAMS 0x000000060e000000, 0x000000060e000000| Untracked 
|  48|0x000000060e400000, 0x000000060e400000, 0x000000060e800000|  0%| F|  |TAMS 0x000000060e400000, 0x000000060e400000| Untracked 
|  49|0x000000060e800000, 0x000000060e800000, 0x000000060ec00000|  0%| F|  |TAMS 0x000000060e800000, 0x000000060e800000| Untracked 
|  50|0x000000060ec00000, 0x000000060ec00000, 0x000000060f000000|  0%| F|  |TAMS 0x000000060ec00000, 0x000000060ec00000| Untracked 
|  51|0x000000060f000000, 0x000000060f000000, 0x000000060f400000|  0%| F|  |TAMS 0x000000060f000000, 0x000000060f000000| Untracked 
|  52|0x000000060f400000, 0x000000060f400000, 0x000000060f800000|  0%| F|  |TAMS 0x000000060f400000, 0x000000060f400000| Untracked 
|  53|0x000000060f800000, 0x000000060f800000, 0x000000060fc00000|  0%| F|  |TAMS 0x000000060f800000, 0x000000060f800000| Untracked 
|  54|0x000000060fc00000, 0x000000060fc00000, 0x0000000610000000|  0%| F|  |TAMS 0x000000060fc00000, 0x000000060fc00000| Untracked 
|  55|0x0000000610000000, 0x0000000610000000, 0x0000000610400000|  0%| F|  |TAMS 0x0000000610000000, 0x0000000610000000| Untracked 
|  56|0x0000000610400000, 0x0000000610400000, 0x0000000610800000|  0%| F|  |TAMS 0x0000000610400000, 0x0000000610400000| Untracked 
|  57|0x0000000610800000, 0x0000000610800000, 0x0000000610c00000|  0%| F|  |TAMS 0x0000000610800000, 0x0000000610800000| Untracked 
|  58|0x0000000610c00000, 0x0000000610c00000, 0x0000000611000000|  0%| F|  |TAMS 0x0000000610c00000, 0x0000000610c00000| Untracked 
|  59|0x0000000611000000, 0x0000000611000000, 0x0000000611400000|  0%| F|  |TAMS 0x0000000611000000, 0x0000000611000000| Untracked 
|  60|0x0000000611400000, 0x0000000611400000, 0x0000000611800000|  0%| F|  |TAMS 0x0000000611400000, 0x0000000611400000| Untracked 
|  61|0x0000000611800000, 0x0000000611800000, 0x0000000611c00000|  0%| F|  |TAMS 0x0000000611800000, 0x0000000611800000| Untracked 
|  62|0x0000000611c00000, 0x0000000611c00000, 0x0000000612000000|  0%| F|  |TAMS 0x0000000611c00000, 0x0000000611c00000| Untracked 
|  63|0x0000000612000000, 0x0000000612000000, 0x0000000612400000|  0%| F|  |TAMS 0x0000000612000000, 0x0000000612000000| Untracked 
|  64|0x0000000612400000, 0x0000000612400000, 0x0000000612800000|  0%| F|  |TAMS 0x0000000612400000, 0x0000000612400000| Untracked 
|  65|0x0000000612800000, 0x0000000612800000, 0x0000000612c00000|  0%| F|  |TAMS 0x0000000612800000, 0x0000000612800000| Untracked 
|  66|0x0000000612c00000, 0x0000000612c00000, 0x0000000613000000|  0%| F|  |TAMS 0x0000000612c00000, 0x0000000612c00000| Untracked 
|  67|0x0000000613000000, 0x0000000613000000, 0x0000000613400000|  0%| F|  |TAMS 0x0000000613000000, 0x0000000613000000| Untracked 
|  68|0x0000000613400000, 0x0000000613400000, 0x0000000613800000|  0%| F|  |TAMS 0x0000000613400000, 0x0000000613400000| Untracked 
|  69|0x0000000613800000, 0x0000000613800000, 0x0000000613c00000|  0%| F|  |TAMS 0x0000000613800000, 0x0000000613800000| Untracked 
|  70|0x0000000613c00000, 0x0000000613c00000, 0x0000000614000000|  0%| F|  |TAMS 0x0000000613c00000, 0x0000000613c00000| Untracked 
|  71|0x0000000614000000, 0x0000000614000000, 0x0000000614400000|  0%| F|  |TAMS 0x0000000614000000, 0x0000000614000000| Untracked 
|  72|0x0000000614400000, 0x0000000614400000, 0x0000000614800000|  0%| F|  |TAMS 0x0000000614400000, 0x0000000614400000| Untracked 
|  73|0x0000000614800000, 0x0000000614800000, 0x0000000614c00000|  0%| F|  |TAMS 0x0000000614800000, 0x0000000614800000| Untracked 
|  74|0x0000000614c00000, 0x0000000614c00000, 0x0000000615000000|  0%| F|  |TAMS 0x0000000614c00000, 0x0000000614c00000| Untracked 
|  75|0x0000000615000000, 0x0000000615000000, 0x0000000615400000|  0%| F|  |TAMS 0x0000000615000000, 0x0000000615000000| Untracked 
|  76|0x0000000615400000, 0x0000000615400000, 0x0000000615800000|  0%| F|  |TAMS 0x0000000615400000, 0x0000000615400000| Untracked 
|  77|0x0000000615800000, 0x0000000615800000, 0x0000000615c00000|  0%| F|  |TAMS 0x0000000615800000, 0x0000000615800000| Untracked 
|  78|0x0000000615c00000, 0x0000000615c00000, 0x0000000616000000|  0%| F|  |TAMS 0x0000000615c00000, 0x0000000615c00000| Untracked 
|  79|0x0000000616000000, 0x0000000616000000, 0x0000000616400000|  0%| F|  |TAMS 0x0000000616000000, 0x0000000616000000| Untracked 
|  80|0x0000000616400000, 0x0000000616400000, 0x0000000616800000|  0%| F|  |TAMS 0x0000000616400000, 0x0000000616400000| Untracked 
|  81|0x0000000616800000, 0x0000000616800000, 0x0000000616c00000|  0%| F|  |TAMS 0x0000000616800000, 0x0000000616800000| Untracked 
|  82|0x0000000616c00000, 0x0000000616c00000, 0x0000000617000000|  0%| F|  |TAMS 0x0000000616c00000, 0x0000000616c00000| Untracked 
|  83|0x0000000617000000, 0x0000000617000000, 0x0000000617400000|  0%| F|  |TAMS 0x0000000617000000, 0x0000000617000000| Untracked 
|  84|0x0000000617400000, 0x0000000617400000, 0x0000000617800000|  0%| F|  |TAMS 0x0000000617400000, 0x0000000617400000| Untracked 
|  85|0x0000000617800000, 0x0000000617800000, 0x0000000617c00000|  0%| F|  |TAMS 0x0000000617800000, 0x0000000617800000| Untracked 
|  86|0x0000000617c00000, 0x0000000617c00000, 0x0000000618000000|  0%| F|  |TAMS 0x0000000617c00000, 0x0000000617c00000| Untracked 
|  87|0x0000000618000000, 0x0000000618000000, 0x0000000618400000|  0%| F|  |TAMS 0x0000000618000000, 0x0000000618000000| Untracked 
|  88|0x0000000618400000, 0x0000000618400000, 0x0000000618800000|  0%| F|  |TAMS 0x0000000618400000, 0x0000000618400000| Untracked 
|  89|0x0000000618800000, 0x0000000618800000, 0x0000000618c00000|  0%| F|  |TAMS 0x0000000618800000, 0x0000000618800000| Untracked 
|  90|0x0000000618c00000, 0x0000000618c00000, 0x0000000619000000|  0%| F|  |TAMS 0x0000000618c00000, 0x0000000618c00000| Untracked 
|  91|0x0000000619000000, 0x0000000619000000, 0x0000000619400000|  0%| F|  |TAMS 0x0000000619000000, 0x0000000619000000| Untracked 
|  92|0x0000000619400000, 0x0000000619400000, 0x0000000619800000|  0%| F|  |TAMS 0x0000000619400000, 0x0000000619400000| Untracked 
|  93|0x0000000619800000, 0x0000000619800000, 0x0000000619c00000|  0%| F|  |TAMS 0x0000000619800000, 0x0000000619800000| Untracked 
|  94|0x0000000619c00000, 0x0000000619c00000, 0x000000061a000000|  0%| F|  |TAMS 0x0000000619c00000, 0x0000000619c00000| Untracked 
|  95|0x000000061a000000, 0x000000061a000000, 0x000000061a400000|  0%| F|  |TAMS 0x000000061a000000, 0x000000061a000000| Untracked 
|  96|0x000000061a400000, 0x000000061a400000, 0x000000061a800000|  0%| F|  |TAMS 0x000000061a400000, 0x000000061a400000| Untracked 
|  97|0x000000061a800000, 0x000000061a800000, 0x000000061ac00000|  0%| F|  |TAMS 0x000000061a800000, 0x000000061a800000| Untracked 
|  98|0x000000061ac00000, 0x000000061ac00000, 0x000000061b000000|  0%| F|  |TAMS 0x000000061ac00000, 0x000000061ac00000| Untracked 
|  99|0x000000061b000000, 0x000000061b000000, 0x000000061b400000|  0%| F|  |TAMS 0x000000061b000000, 0x000000061b000000| Untracked 
| 100|0x000000061b400000, 0x000000061b400000, 0x000000061b800000|  0%| F|  |TAMS 0x000000061b400000, 0x000000061b400000| Untracked 
| 101|0x000000061b800000, 0x000000061b800000, 0x000000061bc00000|  0%| F|  |TAMS 0x000000061b800000, 0x000000061b800000| Untracked 
| 102|0x000000061bc00000, 0x000000061bc00000, 0x000000061c000000|  0%| F|  |TAMS 0x000000061bc00000, 0x000000061bc00000| Untracked 
| 103|0x000000061c000000, 0x000000061c000000, 0x000000061c400000|  0%| F|  |TAMS 0x000000061c000000, 0x000000061c000000| Untracked 
| 104|0x000000061c400000, 0x000000061c400000, 0x000000061c800000|  0%| F|  |TAMS 0x000000061c400000, 0x000000061c400000| Untracked 
| 105|0x000000061c800000, 0x000000061c800000, 0x000000061cc00000|  0%| F|  |TAMS 0x000000061c800000, 0x000000061c800000| Untracked 
| 106|0x000000061cc00000, 0x000000061cc00000, 0x000000061d000000|  0%| F|  |TAMS 0x000000061cc00000, 0x000000061cc00000| Untracked 
| 107|0x000000061d000000, 0x000000061d000000, 0x000000061d400000|  0%| F|  |TAMS 0x000000061d000000, 0x000000061d000000| Untracked 
| 108|0x000000061d400000, 0x000000061d400000, 0x000000061d800000|  0%| F|  |TAMS 0x000000061d400000, 0x000000061d400000| Untracked 
| 109|0x000000061d800000, 0x000000061d800000, 0x000000061dc00000|  0%| F|  |TAMS 0x000000061d800000, 0x000000061d800000| Untracked 
| 110|0x000000061dc00000, 0x000000061dc00000, 0x000000061e000000|  0%| F|  |TAMS 0x000000061dc00000, 0x000000061dc00000| Untracked 
| 111|0x000000061e000000, 0x000000061e000000, 0x000000061e400000|  0%| F|  |TAMS 0x000000061e000000, 0x000000061e000000| Untracked 
| 112|0x000000061e400000, 0x000000061e400000, 0x000000061e800000|  0%| F|  |TAMS 0x000000061e400000, 0x000000061e400000| Untracked 
| 113|0x000000061e800000, 0x000000061e800000, 0x000000061ec00000|  0%| F|  |TAMS 0x000000061e800000, 0x000000061e800000| Untracked 
| 114|0x000000061ec00000, 0x000000061ec00000, 0x000000061f000000|  0%| F|  |TAMS 0x000000061ec00000, 0x000000061ec00000| Untracked 
| 115|0x000000061f000000, 0x000000061f000000, 0x000000061f400000|  0%| F|  |TAMS 0x000000061f000000, 0x000000061f000000| Untracked 
| 116|0x000000061f400000, 0x000000061f400000, 0x000000061f800000|  0%| F|  |TAMS 0x000000061f400000, 0x000000061f400000| Untracked 
| 117|0x000000061f800000, 0x000000061f800000, 0x000000061fc00000|  0%| F|  |TAMS 0x000000061f800000, 0x000000061f800000| Untracked 
| 118|0x000000061fc00000, 0x000000061fc00000, 0x0000000620000000|  0%| F|  |TAMS 0x000000061fc00000, 0x000000061fc00000| Untracked 
| 119|0x0000000620000000, 0x0000000620000000, 0x0000000620400000|  0%| F|  |TAMS 0x0000000620000000, 0x0000000620000000| Untracked 
| 120|0x0000000620400000, 0x0000000620400000, 0x0000000620800000|  0%| F|  |TAMS 0x0000000620400000, 0x0000000620400000| Untracked 
| 121|0x0000000620800000, 0x0000000620800000, 0x0000000620c00000|  0%| F|  |TAMS 0x0000000620800000, 0x0000000620800000| Untracked 
| 122|0x0000000620c00000, 0x0000000620c00000, 0x0000000621000000|  0%| F|  |TAMS 0x0000000620c00000, 0x0000000620c00000| Untracked 
| 123|0x0000000621000000, 0x0000000621000000, 0x0000000621400000|  0%| F|  |TAMS 0x0000000621000000, 0x0000000621000000| Untracked 
| 124|0x0000000621400000, 0x0000000621400000, 0x0000000621800000|  0%| F|  |TAMS 0x0000000621400000, 0x0000000621400000| Untracked 
| 125|0x0000000621800000, 0x000000062192ebd8, 0x0000000621c00000| 29%| E|  |TAMS 0x0000000621800000, 0x0000000621800000| Complete 
| 126|0x0000000621c00000, 0x0000000622000000, 0x0000000622000000|100%| E|CS|TAMS 0x0000000621c00000, 0x0000000621c00000| Complete 
| 127|0x0000000622000000, 0x0000000622400000, 0x0000000622400000|100%| E|CS|TAMS 0x0000000622000000, 0x0000000622000000| Complete 

Card table byte_map: [0x00000247190a0000,0x000002471a090000] _byte_map_base: 0x000002471608e000

Marking Bits (Prev, Next): (CMBitMap*) 0x000002477fa23180, (CMBitMap*) 0x000002477fa231c0
 Prev Bits: [0x000002471b080000, 0x0000024722ff0000)
 Next Bits: [0x0000024722ff0000, 0x000002472af60000)

Polling page: 0x000002477ebc0000

Metaspace:

Usage:
  Non-class:      8.08 MB used.
      Class:      1.10 MB used.
       Both:      9.17 MB used.

Virtual space:
  Non-class space:       64.00 MB reserved,       8.12 MB ( 13%) committed,  1 nodes.
      Class space:        1.00 GB reserved,       1.19 MB ( <1%) committed,  1 nodes.
             Both:        1.06 GB reserved,       9.31 MB ( <1%) committed. 

Chunk freelists:
   Non-Class:  7.00 MB
       Class:  14.73 MB
        Both:  21.73 MB

MaxMetaspaceSize: unlimited
CompressedClassSpaceSize: 1.00 GB
Initial GC threshold: 21.00 MB
Current GC threshold: 21.00 MB
CDS: on
MetaspaceReclaimPolicy: balanced
 - commit_granule_bytes: 65536.
 - commit_granule_words: 8192.
 - virtual_space_node_default_size: 8388608.
 - enlarge_chunks_in_place: 1.
 - new_chunks_are_fully_committed: 0.
 - uncommit_free_chunks: 1.
 - use_allocation_guard: 0.
 - handle_deallocations: 1.


Internal statistics:

num_allocs_failed_limit: 0.
num_arena_births: 110.
num_arena_deaths: 0.
num_vsnodes_births: 2.
num_vsnodes_deaths: 0.
num_space_committed: 149.
num_space_uncommitted: 0.
num_chunks_returned_to_freelist: 0.
num_chunks_taken_from_freelist: 169.
num_chunk_merges: 0.
num_chunk_splits: 88.
num_chunks_enlarged: 23.
num_inconsistent_stats: 0.

CodeHeap 'non-profiled nmethods': size=120000Kb used=321Kb max_used=321Kb free=119678Kb
 bounds [0x0000024710960000, 0x0000024710bd0000, 0x0000024717e90000]
CodeHeap 'profiled nmethods': size=120000Kb used=2092Kb max_used=2092Kb free=117907Kb
 bounds [0x0000024708e90000, 0x0000024709100000, 0x00000247103c0000]
CodeHeap 'non-nmethods': size=5760Kb used=1277Kb max_used=1295Kb free=4483Kb
 bounds [0x00000247103c0000, 0x0000024710630000, 0x0000024710960000]
 total_blobs=1821 nmethods=1217 adapters=517
 compilation: enabled
              stopped_count=0, restarted_count=0
 full_count=0

Compilation events (20 events):
Event: 336.314 Thread 0x000002476f09fb20 1208   !   3       sun.font.FontDesignMetrics::getMetrics (265 bytes)
Event: 336.316 Thread 0x000002476f09fb20 nmethod 1208 0x0000024709093c10 code [0x00000247090940c0, 0x0000024709096a18]
Event: 336.316 Thread 0x000002476f09fb20 1209       3       sun.font.FontDesignMetrics::getDefaultFrc (53 bytes)
Event: 336.316 Thread 0x000002476f09fb20 nmethod 1209 0x0000024709097890 code [0x0000024709097b20, 0x00000247090985c8]
Event: 336.316 Thread 0x000002476f09fb20 1210       3       java.awt.geom.Rectangle2D::intersects (85 bytes)
Event: 336.316 Thread 0x000002476f09fb20 nmethod 1210 0x0000024709098990 code [0x0000024709098b80, 0x0000024709099348]
Event: 336.317 Thread 0x000002476f09fb20 1211       3       javax.swing.JComponent::getFontMetrics (6 bytes)
Event: 336.317 Thread 0x000002476f09fb20 nmethod 1211 0x0000024709099510 code [0x00000247090996c0, 0x00000247090998b8]
Event: 336.317 Thread 0x000002476f09fb20 1212       3       sun.swing.SwingUtilities2::getFontMetrics (19 bytes)
Event: 336.317 Thread 0x000002476f09fb20 nmethod 1212 0x0000024709099990 code [0x0000024709099b40, 0x0000024709099cd8]
Event: 336.318 Thread 0x000002476f09fb20 1213       3       sun.font.FontDesignMetrics$MetricsKey::equals (49 bytes)
Event: 336.318 Thread 0x000002476f09fb20 nmethod 1213 0x0000024709099d90 code [0x0000024709099f80, 0x000002470909a5b8]
Event: 1126.479 Thread 0x000002476f09fb20 1214       3       java.util.HashMap$KeyIterator::next (8 bytes)
Event: 1126.479 Thread 0x000002476f09fb20 nmethod 1214 0x000002470909a790 code [0x000002470909a940, 0x000002470909aa88]
Event: 1126.485 Thread 0x000002476f09fb20 1215       3       java.util.HashMap$EntryIterator::next (5 bytes)
Event: 1126.485 Thread 0x000002476f09fb20 nmethod 1215 0x000002470909ab90 code [0x000002470909ad40, 0x000002470909aec8]
Event: 1126.485 Thread 0x000002476f09fb20 1216       3       java.util.HashMap$EntryIterator::next (5 bytes)
Event: 1126.485 Thread 0x000002476f09fb20 nmethod 1216 0x000002470909af90 code [0x000002470909b120, 0x000002470909b268]
Event: 1126.485 Thread 0x000002476f09e500 1217       4       jdk.internal.org.objectweb.asm.ByteVector::putShort (52 bytes)
Event: 1126.486 Thread 0x000002476f09e500 nmethod 1217 0x00000247109aed90 code [0x00000247109aef00, 0x00000247109af038]

GC Heap History (0 events):
No events

Dll operation events (8 events):
Event: 0.022 Loaded shared library C:\Program Files\Eclipse Adoptium\jdk-17.0.13.11-hotspot\bin\java.dll
Event: 0.040 Loaded shared library C:\Program Files\Eclipse Adoptium\jdk-17.0.13.11-hotspot\bin\jsvml.dll
Event: 0.085 Loaded shared library C:\Program Files\Eclipse Adoptium\jdk-17.0.13.11-hotspot\bin\jimage.dll
Event: 0.106 Loaded shared library C:\Program Files\Eclipse Adoptium\jdk-17.0.13.11-hotspot\bin\awt.dll
Event: 0.648 Loaded shared library C:\Program Files\Eclipse Adoptium\jdk-17.0.13.11-hotspot\bin\freetype.dll
Event: 0.652 Loaded shared library C:\Program Files\Eclipse Adoptium\jdk-17.0.13.11-hotspot\bin\fontmanager.dll
Event: 0.680 Loaded shared library C:\Program Files\Eclipse Adoptium\jdk-17.0.13.11-hotspot\bin\net.dll
Event: 0.685 Loaded shared library C:\Program Files\Eclipse Adoptium\jdk-17.0.13.11-hotspot\bin\nio.dll

Deoptimization events (12 events):
Event: 12.933 Thread 0x000002476f778f10 Uncommon trap: trap_request=0xffffffde fr.pc=0x00000247109813b4 relative=0x00000000000001b4
Event: 12.933 Thread 0x000002476f778f10 Uncommon trap: reason=class_check action=maybe_recompile pc=0x00000247109813b4 method=java.lang.String.equals(Ljava/lang/Object;)Z @ 8 c2
Event: 12.933 Thread 0x000002476f778f10 DEOPT PACKING pc=0x00000247109813b4 sp=0x000000e7c97fde60
Event: 12.933 Thread 0x000002476f778f10 DEOPT UNPACKING pc=0x00000247104169a3 sp=0x000000e7c97fde08 mode 2
Event: 12.933 Thread 0x000002476f778f10 Uncommon trap: trap_request=0xffffffde fr.pc=0x00000247109813b4 relative=0x00000000000001b4
Event: 12.933 Thread 0x000002476f778f10 Uncommon trap: reason=class_check action=maybe_recompile pc=0x00000247109813b4 method=java.lang.String.equals(Ljava/lang/Object;)Z @ 8 c2
Event: 12.933 Thread 0x000002476f778f10 DEOPT PACKING pc=0x00000247109813b4 sp=0x000000e7c97fde60
Event: 12.933 Thread 0x000002476f778f10 DEOPT UNPACKING pc=0x00000247104169a3 sp=0x000000e7c97fde08 mode 2
Event: 14.859 Thread 0x000002476f778f10 Uncommon trap: trap_request=0xffffffde fr.pc=0x00000247109813b4 relative=0x00000000000001b4
Event: 14.859 Thread 0x000002476f778f10 Uncommon trap: reason=class_check action=maybe_recompile pc=0x00000247109813b4 method=java.lang.String.equals(Ljava/lang/Object;)Z @ 8 c2
Event: 14.859 Thread 0x000002476f778f10 DEOPT PACKING pc=0x00000247109813b4 sp=0x000000e7c97fdf50
Event: 14.859 Thread 0x000002476f778f10 DEOPT UNPACKING pc=0x00000247104169a3 sp=0x000000e7c97fdef8 mode 2

Classes loaded (20 events):
Event: 336.168 Loading class sun/java2d/loops/DrawGlyphListColor
Event: 336.168 Loading class sun/java2d/loops/DrawGlyphListColor done
Event: 336.169 Loading class sun/java2d/loops/DrawGlyphListColor$General
Event: 336.171 Loading class sun/java2d/loops/DrawGlyphListColor$General done
Event: 336.172 Loading class sun/java2d/loops/Blit$GeneralMaskBlit
Event: 336.172 Loading class sun/java2d/loops/Blit$GeneralMaskBlit done
Event: 336.176 Loading class javax/swing/RepaintManager$DisplayChangedRunnable
Event: 336.176 Loading class javax/swing/RepaintManager$DisplayChangedRunnable done
Event: 336.300 Loading class sun/awt/image/BufferedImageDevice
Event: 336.300 Loading class sun/awt/image/BufferedImageDevice done
Event: 336.301 Loading class sun/java2d/loops/MaskBlit$General
Event: 336.301 Loading class sun/java2d/loops/GraphicsPrimitive$GeneralBinaryOp
Event: 336.301 Loading class sun/java2d/loops/GraphicsPrimitive$GeneralBinaryOp done
Event: 336.301 Loading class sun/java2d/loops/MaskBlit$General done
Event: 336.317 Loading class sun/java2d/pipe/ShapeSpanIterator
Event: 336.317 Loading class sun/java2d/pipe/SpanIterator
Event: 336.317 Loading class sun/java2d/pipe/SpanIterator done
Event: 336.317 Loading class sun/awt/geom/PathConsumer2D
Event: 336.317 Loading class sun/awt/geom/PathConsumer2D done
Event: 336.317 Loading class sun/java2d/pipe/ShapeSpanIterator done

Classes unloaded (0 events):
No events

Classes redefined (3 events):
Event: 0.070 Thread 0x000002472b14add0 redefined class name=java.net.URLStreamHandler, count=1
Event: 0.070 Thread 0x000002472b14add0 redefined class name=java.io.FileOutputStream, count=1
Event: 0.071 Thread 0x000002472b14add0 redefined class name=java.io.File, count=1

Internal exceptions (13 events):
Event: 0.094 Thread 0x000002477e74e560 Exception <a 'java/lang/ClassNotFoundException'{0x00000006221b2d70}: sun/awt/resources/spi/awtProvider> (0x00000006221b2d70) 
thrown [s\src\hotspot\share\classfile\systemDictionary.cpp, line 256]
Event: 0.118 Thread 0x000002477e74e560 Exception <a 'java/io/FileNotFoundException'{0x000000062220af30}> (0x000000062220af30) 
thrown [s\src\hotspot\share\prims\jni.cpp, line 516]
Event: 0.124 Thread 0x000002477e74e560 Exception <a 'java/io/FileNotFoundException'{0x0000000622237ee0}> (0x0000000622237ee0) 
thrown [s\src\hotspot\share\prims\jni.cpp, line 516]
Event: 0.161 Thread 0x000002477e74e560 Exception <a 'java/lang/NoSuchMethodError'{0x0000000622282a10}: 'java.lang.Object java.lang.invoke.DirectMethodHandle$Holder.invokeStaticInit(java.lang.Object)'> (0x0000000622282a10) 
thrown [s\src\hotspot\share\interpreter\linkResolver.cpp, line 759]
Event: 0.551 Thread 0x000002477e74e560 Exception <a 'java/lang/NoSuchMethodError'{0x00000006222d0000}: 'void java.lang.invoke.DirectMethodHandle$Holder.invokeSpecial(java.lang.Object, java.lang.Object, java.lang.Object)'> (0x00000006222d0000) 
thrown [s\src\hotspot\share\interpreter\linkResolver.cpp, line 759]
Event: 0.559 Thread 0x000002477e74e560 Exception <a 'java/lang/NoSuchMethodError'{0x0000000622375178}: 'java.lang.Object java.lang.invoke.DirectMethodHandle$Holder.newInvokeSpecial(java.lang.Object, java.lang.Object, java.lang.Object, java.lang.Object, java.lang.Object)'> (0x0000000622375178) 
thrown [s\src\hotspot\share\interpreter\linkResolver.cpp, line 759]
Event: 0.560 Thread 0x000002477e74e560 Exception <a 'java/lang/NoSuchMethodError'{0x0000000622380b10}: 'java.lang.Object java.lang.invoke.DirectMethodHandle$Holder.invokeStatic(java.lang.Object, int, java.lang.Object, java.lang.Object, java.lang.Object, java.lang.Object)'> (0x0000000622380b10) 
thrown [s\src\hotspot\share\interpreter\linkResolver.cpp, line 759]
Event: 0.564 Thread 0x000002477e74e560 Exception <a 'java/lang/NoSuchMethodError'{0x00000006223a6240}: 'java.lang.Object java.lang.invoke.DirectMethodHandle$Holder.invokeStatic(java.lang.Object, int, java.lang.Object)'> (0x00000006223a6240) 
thrown [s\src\hotspot\share\interpreter\linkResolver.cpp, line 759]
Event: 0.585 Thread 0x000002477e74e560 Exception <a 'java/lang/ClassNotFoundException'{0x0000000621c5df60}: com/sun/swing/internal/plaf/metal/resources/spi/metalProvider> (0x0000000621c5df60) 
thrown [s\src\hotspot\share\classfile\systemDictionary.cpp, line 256]
Event: 0.586 Thread 0x000002477e74e560 Exception <a 'java/lang/ClassNotFoundException'{0x0000000621c61dd8}: com/sun/swing/internal/plaf/basic/resources/spi/basicProvider> (0x0000000621c61dd8) 
thrown [s\src\hotspot\share\classfile\systemDictionary.cpp, line 256]
Event: 0.627 Thread 0x000002477e74e560 Exception <a 'java/lang/NoSuchMethodError'{0x0000000621cbcbe0}: 'void java.lang.invoke.DirectMethodHandle$Holder.invokeStatic(java.lang.Object, java.lang.Object)'> (0x0000000621cbcbe0) 
thrown [s\src\hotspot\share\interpreter\linkResolver.cpp, line 759]
Event: 0.641 Thread 0x000002477e74e560 Exception <a 'java/lang/NoSuchMethodError'{0x0000000621ce7d48}: 'void java.lang.invoke.DirectMethodHandle$Holder.invokeStaticInit(java.lang.Object)'> (0x0000000621ce7d48) 
thrown [s\src\hotspot\share\interpreter\linkResolver.cpp, line 759]
Event: 0.711 Thread 0x000002476f433a60 Exception <a 'java/lang/NoSuchMethodError'{0x00000006222f1260}: 'void java.lang.invoke.DirectMethodHandle$Holder.invokeVirtual(java.lang.Object, java.lang.Object)'> (0x00000006222f1260) 
thrown [s\src\hotspot\share\interpreter\linkResolver.cpp, line 759]

VM Operations (20 events):
Event: 21.894 Executing VM operation: Cleanup
Event: 21.894 Executing VM operation: Cleanup done
Event: 23.911 Executing VM operation: Cleanup
Event: 23.911 Executing VM operation: Cleanup done
Event: 24.923 Executing VM operation: Cleanup
Event: 24.923 Executing VM operation: Cleanup done
Event: 25.934 Executing VM operation: Cleanup
Event: 25.934 Executing VM operation: Cleanup done
Event: 27.961 Executing VM operation: Cleanup
Event: 27.961 Executing VM operation: Cleanup done
Event: 59.205 Executing VM operation: Cleanup
Event: 59.205 Executing VM operation: Cleanup done
Event: 60.211 Executing VM operation: HandshakeAllThreads
Event: 60.211 Executing VM operation: HandshakeAllThreads done
Event: 336.299 Executing VM operation: HandshakeAllThreads
Event: 336.299 Executing VM operation: HandshakeAllThreads done
Event: 336.299 Executing VM operation: Cleanup
Event: 336.299 Executing VM operation: Cleanup done
Event: 338.314 Executing VM operation: Cleanup
Event: 338.314 Executing VM operation: Cleanup done

Memory protections (0 events):
No events

Nmethod flushes (0 events):
No events

Events (20 events):
Event: 0.040 Thread 0x000002477e74e560 Thread added: 0x000002477e74e560
Event: 0.043 Thread 0x000002477e74e560 Thread added: 0x000002472b14fe80
Event: 0.043 Thread 0x000002477e74e560 Thread added: 0x000002472b1515b0
Event: 0.053 Thread 0x000002477e74e560 Thread added: 0x000002476f095460
Event: 0.053 Thread 0x000002477e74e560 Thread added: 0x000002476f097e30
Event: 0.053 Thread 0x000002477e74e560 Thread added: 0x000002476f099360
Event: 0.053 Thread 0x000002477e74e560 Thread added: 0x000002476f09cca0
Event: 0.053 Thread 0x000002477e74e560 Thread added: 0x000002476f09e500
Event: 0.053 Thread 0x000002477e74e560 Thread added: 0x000002476f09fb20
Event: 0.053 Thread 0x000002477e74e560 Thread added: 0x000002476f0a4590
Event: 0.071 Thread 0x000002477e74e560 Thread added: 0x000002476f1e3870
Event: 0.074 Thread 0x000002477e74e560 Thread added: 0x000002476f1f5080
Event: 0.162 Thread 0x000002477e74e560 Thread added: 0x000002476f3fe3a0
Event: 0.164 Thread 0x000002477e74e560 Thread added: 0x000002476f4412c0
Event: 0.165 Thread 0x000002477e74e560 Thread added: 0x000002476f433a60
Event: 0.609 Thread 0x000002477e74e560 Thread added: 0x000002476f778f10
Event: 0.715 Thread 0x000002477e74e560 Thread exited: 0x000002477e74e560
Event: 0.715 Thread 0x000002476f77a350 Thread added: 0x000002476f77a350
Event: 0.725 Thread 0x000002476f778f10 Thread added: 0x000002476f777ad0
Event: 13.567 Thread 0x000002476f778f10 Thread added: 0x000002476f779420


Dynamic libraries:
0x00007ff6a1860000 - 0x00007ff6a186e000 	C:\Program Files\Eclipse Adoptium\jdk-17.0.13.11-hotspot\bin\java.exe
0x00007ffe9c220000 - 0x00007ffe9c483000 	C:\WINDOWS\SYSTEM32\ntdll.dll
0x00007ffe9bf40000 - 0x00007ffe9c008000 	C:\WINDOWS\System32\KERNEL32.DLL
0x00007ffe9bb80000 - 0x00007ffe9bf32000 	C:\WINDOWS\System32\KERNELBASE.dll
0x00000000768d0000 - 0x000000007690c000 	C:\WINDOWS\System32\cyinjct.dll
0x00007ffe9ba10000 - 0x00007ffe9ba19000 	C:\WINDOWS\System32\ntnativeapi.dll
0x00007ffe938e0000 - 0x00007ffe938f7000 	C:\Program Files\Eclipse Adoptium\jdk-17.0.13.11-hotspot\bin\jli.dll
0x000002477e870000 - 0x000002477ea38000 	C:\WINDOWS\System32\USER32.dll
0x00007ffe99580000 - 0x00007ffe995a7000 	C:\WINDOWS\System32\win32u.dll
0x00007ffe99ba0000 - 0x00007ffe99bca000 	C:\WINDOWS\System32\GDI32.dll
0x00007ffe99a60000 - 0x00007ffe99b8b000 	C:\WINDOWS\System32\gdi32full.dll
0x00007ffe99730000 - 0x00007ffe997d3000 	C:\WINDOWS\System32\msvcp_win.dll
0x000002477ea40000 - 0x000002477eb8b000 	C:\WINDOWS\System32\ucrtbase.dll
0x00007ffe895a0000 - 0x00007ffe895be000 	C:\Program Files\Eclipse Adoptium\jdk-17.0.13.11-hotspot\bin\VCRUNTIME140.dll
0x00007ffe76c10000 - 0x00007ffe76ea0000 	C:\WINDOWS\WinSxS\amd64_microsoft.windows.common-controls_6595b64144ccf1df_6.0.26100.2454_none_3e0b68a2e331ad60\COMCTL32.dll
0x00007ffe9b570000 - 0x00007ffe9b619000 	C:\WINDOWS\System32\msvcrt.dll
0x00007ffe9b9f0000 - 0x00007ffe9ba0e000 	C:\WINDOWS\System32\cyvera.dll
0x00007ffe9b970000 - 0x00007ffe9b9f0000 	C:\WINDOWS\System32\cyvrtrap.dll
0x00007ffe99c30000 - 0x00007ffe99c5f000 	C:\WINDOWS\System32\IMM32.DLL
0x00007ffe93a90000 - 0x00007ffe93a9c000 	C:\Program Files\Eclipse Adoptium\jdk-17.0.13.11-hotspot\bin\vcruntime140_1.dll
0x00007ffe5c430000 - 0x00007ffe5c4bd000 	C:\Program Files\Eclipse Adoptium\jdk-17.0.13.11-hotspot\bin\msvcp140.dll
0x00007ffe01570000 - 0x00007ffe021db000 	C:\Program Files\Eclipse Adoptium\jdk-17.0.13.11-hotspot\bin\server\jvm.dll
0x00007ffe9b870000 - 0x00007ffe9b924000 	C:\WINDOWS\System32\ADVAPI32.dll
0x00007ffe9a8c0000 - 0x00007ffe9a966000 	C:\WINDOWS\System32\sechost.dll
0x00007ffe9ba60000 - 0x00007ffe9bb76000 	C:\WINDOWS\System32\RPCRT4.dll
0x00007ffe9aee0000 - 0x00007ffe9af54000 	C:\WINDOWS\System32\WS2_32.dll
0x00007ffe98d90000 - 0x00007ffe98dde000 	C:\WINDOWS\SYSTEM32\POWRPROF.dll
0x00007ffe87e10000 - 0x00007ffe87e46000 	C:\WINDOWS\SYSTEM32\WINMM.dll
0x00007ffe91540000 - 0x00007ffe9154b000 	C:\WINDOWS\SYSTEM32\VERSION.dll
0x00007ffe98d70000 - 0x00007ffe98d84000 	C:\WINDOWS\SYSTEM32\UMPDC.dll
0x00007ffe982c0000 - 0x00007ffe982da000 	C:\WINDOWS\SYSTEM32\kernel.appcore.dll
0x00007ffe93830000 - 0x00007ffe9383a000 	C:\Program Files\Eclipse Adoptium\jdk-17.0.13.11-hotspot\bin\jimage.dll
0x00007ffe84960000 - 0x00007ffe84ba1000 	C:\WINDOWS\SYSTEM32\DBGHELP.DLL
0x00007ffe99dd0000 - 0x00007ffe9a14e000 	C:\WINDOWS\System32\combase.dll
0x00007ffe99cf0000 - 0x00007ffe99dc6000 	C:\WINDOWS\System32\OLEAUT32.dll
0x00007ffe7cbc0000 - 0x00007ffe7cbf9000 	C:\WINDOWS\SYSTEM32\dbgcore.DLL
0x00007ffe997e0000 - 0x00007ffe99879000 	C:\WINDOWS\System32\bcryptPrimitives.dll
0x00007ffe9b930000 - 0x00007ffe9b968000 	C:\Program Files\Palo Alto Networks\Traps\cyjagent.dll
0x00007ffe88e20000 - 0x00007ffe88e45000 	C:\Program Files\Eclipse Adoptium\jdk-17.0.13.11-hotspot\bin\java.dll
0x00007ffe2d550000 - 0x00007ffe2d627000 	C:\Program Files\Eclipse Adoptium\jdk-17.0.13.11-hotspot\bin\jsvml.dll
0x00007ffe9a180000 - 0x00007ffe9a880000 	C:\WINDOWS\System32\SHELL32.dll
0x00007ffe96fb0000 - 0x00007ffe977e1000 	C:\WINDOWS\SYSTEM32\windows.storage.dll
0x00007ffe9a970000 - 0x00007ffe9aa4a000 	C:\WINDOWS\System32\SHCORE.dll
0x00007ffe99bd0000 - 0x00007ffe99c2d000 	C:\WINDOWS\System32\shlwapi.dll
0x00007ffe993d0000 - 0x00007ffe993fe000 	C:\WINDOWS\SYSTEM32\profapi.dll
0x00007ffe17110000 - 0x00007ffe172a0000 	C:\Program Files\Eclipse Adoptium\jdk-17.0.13.11-hotspot\bin\awt.dll
0x00007ffe944f0000 - 0x00007ffe9458c000 	C:\WINDOWS\SYSTEM32\apphelp.dll
0x00007ffe96930000 - 0x00007ffe9695e000 	C:\WINDOWS\system32\DWMAPI.DLL
0x00007ffe965e0000 - 0x00007ffe9668d000 	C:\WINDOWS\system32\uxtheme.dll
0x00007ffe36200000 - 0x00007ffe3630c000 	C:\WINDOWS\system32\opengl32.dll
0x00007ffe551e0000 - 0x00007ffe5520d000 	C:\WINDOWS\SYSTEM32\GLU32.dll
0x00007ffe968e0000 - 0x00007ffe96927000 	C:\WINDOWS\SYSTEM32\dxcore.dll
0x00007ffe9af60000 - 0x00007ffe9b0bc000 	C:\WINDOWS\System32\MSCTF.dll
0x00007ffe9b620000 - 0x00007ffe9b7b9000 	C:\WINDOWS\System32\ole32.dll
0x00007ffe98bb0000 - 0x00007ffe98bc3000 	C:\WINDOWS\SYSTEM32\msasn1.dll
0x00007ffe914b0000 - 0x00007ffe914eb000 	C:\WINDOWS\SYSTEM32\cryptnet.dll
0x00007ffe995b0000 - 0x00007ffe99726000 	C:\WINDOWS\System32\CRYPT32.dll
0x00007ffe98b30000 - 0x00007ffe98b3c000 	C:\WINDOWS\SYSTEM32\cryptbase.dll
0x00007ffe999d0000 - 0x00007ffe99a4f000 	C:\WINDOWS\System32\wintrust.dll
0x00007ffe9a890000 - 0x00007ffe9a8b0000 	C:\WINDOWS\System32\imagehlp.dll
0x00007ffe98b50000 - 0x00007ffe98b6c000 	C:\WINDOWS\SYSTEM32\CRYPTSP.dll
0x00007ffe98220000 - 0x00007ffe98258000 	C:\WINDOWS\system32\rsaenh.dll
0x00007ffe98df0000 - 0x00007ffe98e16000 	C:\WINDOWS\SYSTEM32\bcrypt.dll
0x00007ffe98a60000 - 0x00007ffe98abd000 	C:\WINDOWS\SYSTEM32\wldp.dll
0x00007ffe91330000 - 0x00007ffe914a8000 	C:\WINDOWS\SYSTEM32\drvstore.dll
0x00007ffe99190000 - 0x00007ffe991bd000 	C:\WINDOWS\SYSTEM32\devobj.dll
0x00007ffe99120000 - 0x00007ffe9917f000 	C:\WINDOWS\SYSTEM32\cfgmgr32.dll
0x00007ffe98810000 - 0x00007ffe98837000 	C:\WINDOWS\SYSTEM32\gpapi.dll
0x00007ffe6ff10000 - 0x00007ffe70065000 	C:\WINDOWS\System32\DriverStore\FileRepository\nv_dispi.inf_amd64_ab3196e1830c9b6c\nvppex.dll
0x00007ffe5c3a0000 - 0x00007ffe5c427000 	C:\Program Files\Eclipse Adoptium\jdk-17.0.13.11-hotspot\bin\freetype.dll
0x00007ffe26280000 - 0x00007ffe2635b000 	C:\Program Files\Eclipse Adoptium\jdk-17.0.13.11-hotspot\bin\fontmanager.dll
0x00007ffe89580000 - 0x00007ffe89599000 	C:\Program Files\Eclipse Adoptium\jdk-17.0.13.11-hotspot\bin\net.dll
0x00007ffe92be0000 - 0x00007ffe92d06000 	C:\WINDOWS\SYSTEM32\WINHTTP.dll
0x00007ffe987a0000 - 0x00007ffe98808000 	C:\WINDOWS\system32\mswsock.dll
0x00007ffe88af0000 - 0x00007ffe88b06000 	C:\Program Files\Eclipse Adoptium\jdk-17.0.13.11-hotspot\bin\nio.dll
0x00007ffe86120000 - 0x00007ffe86266000 	C:\WINDOWS\SYSTEM32\textinputframework.dll
0x00007ffe93d10000 - 0x00007ffe93e35000 	C:\WINDOWS\SYSTEM32\CoreMessaging.dll
0x00007ffe8edd0000 - 0x00007ffe8f0b3000 	C:\WINDOWS\SYSTEM32\CoreUIComponents.dll
0x00007ffe94e30000 - 0x00007ffe94f98000 	C:\WINDOWS\SYSTEM32\wintypes.dll

dbghelp: loaded successfully - version: 4.0.5 - missing functions: none
symbol engine: initialized successfully - sym options: 0x614 - pdb path: .;C:\Program Files\Eclipse Adoptium\jdk-17.0.13.11-hotspot\bin;C:\WINDOWS\SYSTEM32;C:\WINDOWS\WinSxS\amd64_microsoft.windows.common-controls_6595b64144ccf1df_6.0.26100.2454_none_3e0b68a2e331ad60;C:\Program Files\Eclipse Adoptium\jdk-17.0.13.11-hotspot\bin\server;C:\Program Files\Palo Alto Networks\Traps;C:\WINDOWS\System32\DriverStore\FileRepository\nv_dispi.inf_amd64_ab3196e1830c9b6c

VM Arguments:
jvm_args: -XX:+ShowCodeDetailsInExceptionMessages -agentpath:C:\Program Files\Palo Alto Networks\Traps\cyjagent.dll 
java_command: App
java_class_path (initial): D:\Users\183202\OneDrive\MapaPue\bin
Launcher Type: SUN_STANDARD

[Global flags]
     intx CICompilerCount                          = 4                                         {product} {ergonomic}
     uint ConcGCThreads                            = 3                                         {product} {ergonomic}
     uint G1ConcRefinementThreads                  = 10                                        {product} {ergonomic}
   size_t G1HeapRegionSize                         = 4194304                                   {product} {ergonomic}
    uintx GCDrainStackTargetSize                   = 64                                        {product} {ergonomic}
   size_t InitialHeapSize                          = 536870912                                 {product} {ergonomic}
   size_t MarkStackSize                            = 4194304                                   {product} {ergonomic}
   size_t MaxHeapSize                              = 8552185856                                {product} {ergonomic}
   size_t MaxNewSize                               = 5129633792                                {product} {ergonomic}
   size_t MinHeapDeltaBytes                        = 4194304                                   {product} {ergonomic}
   size_t MinHeapSize                              = 8388608                                   {product} {ergonomic}
    uintx NonNMethodCodeHeapSize                   = 5839372                                {pd product} {ergonomic}
    uintx NonProfiledCodeHeapSize                  = 122909434                              {pd product} {ergonomic}
    uintx ProfiledCodeHeapSize                     = 122909434                              {pd product} {ergonomic}
    uintx ReservedCodeCacheSize                    = 251658240                              {pd product} {ergonomic}
     bool SegmentedCodeCache                       = true                                      {product} {ergonomic}
     bool ShowCodeDetailsInExceptionMessages       = true                                   {manageable} {command line}
   size_t SoftMaxHeapSize                          = 8552185856                             {manageable} {ergonomic}
     bool UseCompressedClassPointers               = true                           {product lp64_product} {ergonomic}
     bool UseCompressedOops                        = true                           {product lp64_product} {ergonomic}
     bool UseG1GC                                  = true                                      {product} {ergonomic}
     bool UseLargePagesIndividualAllocation        = false                                  {pd product} {ergonomic}

Logging:
Log output configuration:
 #0: stdout all=warning uptime,level,tags
 #1: stderr all=off uptime,level,tags

Environment Variables:
JAVA_HOME=C:\Program Files\Eclipse Adoptium\jdk-17.0.13.11-hotspot\
CLASSPATH=C:\xpressmp\lib\xprm.jar;C:\xpressmp\lib\xprs.jar;C:\xpressmp\lib\xprb.jar
PATH=C:\xpressmp\bin;C:\xpressmp\workbench;C:\Program Files\Eclipse Adoptium\jdk-17.0.13.11-hotspot\bin;C:\Program Files\Rockwell Software\RSCommon;C:\Program Files (x86)\Common Files\Intel\Shared Libraries\intel64\libfabric\bin\;C:\Program Files (x86)\Common Files\Intel\Shared Libraries\intel64\libfabric\bin\utils;C:\Program Files (x86)\Common Files\Intel\Shared Libraries\intel64\bin;C:\Program Files (x86)\Common Files\Intel\Shared Libraries\ia32;C:\Program Files (x86)\Common Files\Intel\Shared Libraries\intel64;C:\Program Files (x86)\Common Files\Intel\Shared Libraries\;C:\Program Files (x86)\NVIDIA Corporation\PhysX\Common;C:\Program Files (x86)\Common Files\Oracle\Java\java8path;C:\Program Files (x86)\Common Files\Oracle\Java\javapath;C:\WINDOWS\system32;C:\WINDOWS;C:\WINDOWS\System32\Wbem;C:\WINDOWS\System32\WindowsPowerShell\v1.0\;C:\WINDOWS\System32\OpenSSH\;C:\Program Files\Microsoft SQL Server\Client SDK\ODBC\170\Tools\Binn\;C:\Program Files (x86)\Microsoft SQL Server\150\Tools\Binn\;C:\Program Files\Microsoft SQL Server\150\Tools\Binn\;C:\Program Files\Microsoft SQL Server\150\DTS\Binn\;C:\Program Files (x86)\Windows Kits\8.1\Windows Performance Toolkit\;C:\Program Files\dotnet\;C:\Program Files (x86)\dotnet\;C:\Program Files (x86)\Common Files\Intel\Shared Libraries\intel64\;C:\Program Files (x86)\Common Files\Intel\Shared Libraries\ia32\;C:\Program Files (x86)\Common Files\AspenTech Shared\;C:\Program Files\Common Files\AspenTech Shared\;C:\Program Files\MATLAB\R2022b\runtime\win64;C:\Program Files\MATLAB\R2022b\bin;C:\Program Files (x86)\Common Files\Rockwell;D:\Users\183202\AppData\Local\Microsoft\WindowsApps;
USERNAME=183202
LANG=en_US.UTF-8
OS=Windows_NT
PROCESSOR_IDENTIFIER=Intel64 Family 6 Model 158 Stepping 10, GenuineIntel
TMP=D:\Users\183202\AppData\Local\Temp
TEMP=D:\Users\183202\AppData\Local\Temp



Periodic native trim disabled


---------------  S Y S T E M  ---------------

OS:
 Windows 11 , 64 bit Build 26100 (10.0.26100.2454)
OS uptime: 2 days 19:43 hours
Hyper-V role detected

CPU: total 12 (initial active 12) (6 cores per cpu, 2 threads per core) family 6 model 158 stepping 10 microcode 0xf0, cx8, cmov, fxsr, ht, mmx, 3dnowpref, sse, sse2, sse3, ssse3, sse4.1, sse4.2, popcnt, lzcnt, tsc, tscinvbit, avx, avx2, aes, erms, clmul, bmi1, bmi2, rtm, adx, fma, vzeroupper, clflush, clflushopt, hv
Processor Information for all 12 processors :
  Max Mhz: 3408, Current Mhz: 3408, Mhz Limit: 3408

Memory: 4k page, system-wide physical 32614M (17293M free)
TotalPageFile size 37478M (AvailPageFile size 20130M)
current process WorkingSet (physical memory assigned to process): 82M, peak: 96M
current process commit charge ("private bytes"): 644M, peak: 693M

vm_info: OpenJDK 64-Bit Server VM (17.0.13+11) for windows-amd64 JRE (17.0.13+11), built on Oct 16 2024 00:10:08 by "admin" with MS VC++ 17.7 (VS2022)

END.
